[18-03-2021 17:12:45] PayPal\Core\PayPalHttpConnection : INFO: POST https://api.paypal.com/v1/oauth2/token
[18-03-2021 17:12:46] PayPal\Core\PayPalHttpConnection : INFO: Response Status 	: 200
[18-03-2021 17:12:46] PayPal\Core\PayPalHttpConnection : INFO: POST https://api.paypal.com/v1/payments/payment
[18-03-2021 17:12:46] PayPal\Core\PayPalHttpConnection : INFO: Response Status 	: 201
[18-03-2021 17:12:59] PayPal\Core\PayPalHttpConnection : INFO: POST https://api.paypal.com/v1/oauth2/token
[18-03-2021 17:13:00] PayPal\Core\PayPalHttpConnection : INFO: Response Status 	: 200
[18-03-2021 17:13:00] PayPal\Core\PayPalHttpConnection : INFO: POST https://api.paypal.com/v1/payments/payment
[18-03-2021 17:13:00] PayPal\Core\PayPalHttpConnection : INFO: Response Status 	: 201
[18-03-2021 17:37:53] PayPal\Core\PayPalHttpConnection : INFO: POST https://api.paypal.com/v1/oauth2/token
[18-03-2021 17:37:54] PayPal\Core\PayPalHttpConnection : INFO: Response Status 	: 200
[18-03-2021 17:37:54] PayPal\Core\PayPalHttpConnection : INFO: POST https://api.paypal.com/v1/payments/payment
[18-03-2021 17:37:54] PayPal\Core\PayPalHttpConnection : INFO: Response Status 	: 201
[18-03-2021 17:39:44] PayPal\Core\PayPalHttpConnection : INFO: POST https://api.paypal.com/v1/oauth2/token
[18-03-2021 17:39:45] PayPal\Core\PayPalHttpConnection : INFO: Response Status 	: 200
[18-03-2021 17:39:45] PayPal\Core\PayPalHttpConnection : INFO: POST https://api.paypal.com/v1/payments/payment
[18-03-2021 17:39:45] PayPal\Core\PayPalHttpConnection : INFO: Response Status 	: 201
[18-03-2021 17:47:27] PayPal\Core\PayPalHttpConnection : INFO: POST https://api.paypal.com/v1/oauth2/token
[18-03-2021 17:47:27] PayPal\Core\PayPalHttpConnection : INFO: Response Status 	: 200
[18-03-2021 17:47:27] PayPal\Core\PayPalHttpConnection : INFO: POST https://api.paypal.com/v1/payments/payment
[18-03-2021 17:47:28] PayPal\Core\PayPalHttpConnection : INFO: Response Status 	: 201
[18-03-2021 17:50:51] PayPal\Core\PayPalHttpConnection : INFO: POST https://api.paypal.com/v1/oauth2/token
[18-03-2021 17:50:51] PayPal\Core\PayPalHttpConnection : INFO: Response Status 	: 200
[18-03-2021 17:50:51] PayPal\Core\PayPalHttpConnection : INFO: POST https://api.paypal.com/v1/payments/payment
[18-03-2021 17:50:52] PayPal\Core\PayPalHttpConnection : INFO: Response Status 	: 201
[18-03-2021 17:51:07] PayPal\Core\PayPalHttpConnection : INFO: POST https://api.paypal.com/v1/oauth2/token
[18-03-2021 17:51:07] PayPal\Core\PayPalHttpConnection : INFO: Response Status 	: 200
[18-03-2021 17:51:07] PayPal\Core\PayPalHttpConnection : INFO: POST https://api.paypal.com/v1/payments/payment
[18-03-2021 17:51:08] PayPal\Core\PayPalHttpConnection : INFO: Response Status 	: 201
[18-03-2021 17:53:12] PayPal\Core\PayPalHttpConnection : INFO: POST https://api.paypal.com/v1/oauth2/token
[18-03-2021 17:53:12] PayPal\Core\PayPalHttpConnection : INFO: Response Status 	: 200
[18-03-2021 17:53:12] PayPal\Core\PayPalHttpConnection : INFO: GET https://api.paypal.com/v1/payments/payment/PAYID-MBJYJ7I7LW24164L5688761H
[18-03-2021 17:53:13] PayPal\Core\PayPalHttpConnection : INFO: Response Status 	: 200
[18-03-2021 17:53:13] PayPal\Core\PayPalHttpConnection : INFO: POST https://api.paypal.com/v1/payments/payment/PAYID-MBJYJ7I7LW24164L5688761H/execute
[18-03-2021 17:53:15] PayPal\Core\PayPalHttpConnection : INFO: Response Status 	: 200
[23-03-2021 18:29:11] PayPal\Core\PayPalHttpConnection : INFO: POST https://api.paypal.com/v1/oauth2/token
[23-03-2021 18:29:12] PayPal\Core\PayPalHttpConnection : INFO: Response Status 	: 200
[23-03-2021 18:29:12] PayPal\Core\PayPalHttpConnection : INFO: POST https://api.paypal.com/v1/payments/payment
[23-03-2021 18:29:12] PayPal\Core\PayPalHttpConnection : INFO: Response Status 	: 201
[23-03-2021 19:13:28] PayPal\Core\PayPalHttpConnection : INFO: POST https://api.paypal.com/v1/oauth2/token
[23-03-2021 19:13:28] PayPal\Core\PayPalHttpConnection : INFO: Response Status 	: 200
[23-03-2021 19:13:28] PayPal\Core\PayPalHttpConnection : INFO: POST https://api.paypal.com/v1/payments/payment
[23-03-2021 19:13:29] PayPal\Core\PayPalHttpConnection : INFO: Response Status 	: 201
[23-03-2021 19:18:05] PayPal\Core\PayPalHttpConnection : INFO: POST https://api.paypal.com/v1/oauth2/token
[23-03-2021 19:18:06] PayPal\Core\PayPalHttpConnection : INFO: Response Status 	: 200
[23-03-2021 19:18:06] PayPal\Core\PayPalHttpConnection : INFO: POST https://api.paypal.com/v1/payments/payment
[23-03-2021 19:18:07] PayPal\Core\PayPalHttpConnection : INFO: Response Status 	: 201
[23-03-2021 19:29:33] PayPal\Core\PayPalHttpConnection : INFO: POST https://api.paypal.com/v1/oauth2/token
[23-03-2021 19:29:34] PayPal\Core\PayPalHttpConnection : INFO: Response Status 	: 200
[23-03-2021 19:29:34] PayPal\Core\PayPalHttpConnection : INFO: POST https://api.paypal.com/v1/payments/payment
[23-03-2021 19:29:34] PayPal\Core\PayPalHttpConnection : INFO: Response Status 	: 201
[23-03-2021 23:02:21] PayPal\Core\PayPalHttpConnection : INFO: POST https://api.paypal.com/v1/oauth2/token
[23-03-2021 23:02:21] PayPal\Core\PayPalHttpConnection : INFO: Response Status 	: 200
[23-03-2021 23:02:21] PayPal\Core\PayPalHttpConnection : INFO: POST https://api.paypal.com/v1/payments/payment
[23-03-2021 23:02:22] PayPal\Core\PayPalHttpConnection : INFO: Response Status 	: 201
[23-03-2021 23:02:37] PayPal\Core\PayPalHttpConnection : INFO: POST https://api.paypal.com/v1/oauth2/token
[23-03-2021 23:02:37] PayPal\Core\PayPalHttpConnection : INFO: Response Status 	: 200
[23-03-2021 23:02:37] PayPal\Core\PayPalHttpConnection : INFO: POST https://api.paypal.com/v1/payments/payment
[23-03-2021 23:02:38] PayPal\Core\PayPalHttpConnection : INFO: Response Status 	: 201
[23-03-2021 23:05:03] PayPal\Core\PayPalHttpConnection : INFO: POST https://api.paypal.com/v1/oauth2/token
[23-03-2021 23:05:04] PayPal\Core\PayPalHttpConnection : INFO: Response Status 	: 200
[23-03-2021 23:05:04] PayPal\Core\PayPalHttpConnection : INFO: POST https://api.paypal.com/v1/payments/payment
[23-03-2021 23:05:04] PayPal\Core\PayPalHttpConnection : INFO: Response Status 	: 201
[23-03-2021 23:06:55] PayPal\Core\PayPalHttpConnection : INFO: POST https://api.paypal.com/v1/oauth2/token
[23-03-2021 23:06:55] PayPal\Core\PayPalHttpConnection : INFO: Response Status 	: 200
[23-03-2021 23:06:55] PayPal\Core\PayPalHttpConnection : INFO: POST https://api.paypal.com/v1/payments/payment
[23-03-2021 23:06:56] PayPal\Core\PayPalHttpConnection : INFO: Response Status 	: 201
[23-03-2021 23:06:57] PayPal\Core\PayPalHttpConnection : INFO: POST https://api.paypal.com/v1/oauth2/token
[23-03-2021 23:06:57] PayPal\Core\PayPalHttpConnection : INFO: Response Status 	: 200
[23-03-2021 23:06:57] PayPal\Core\PayPalHttpConnection : INFO: POST https://api.paypal.com/v1/payments/payment
[23-03-2021 23:06:58] PayPal\Core\PayPalHttpConnection : INFO: Response Status 	: 201
